链接: https://www.lss77.com/lss/2640319
标题: [XIUREN秀人网] 2025.04.11 NO.10144 Candy糖糖 [96P899MB]
封面: https://www.lss77.com/wp-content/uploads/2025/05/1748080080-41d0e299ca1abeb.jpg
发行机构: XIUREN秀人网
发行时间: 2025.04.11
序列号: NO.10144
模特: Candy糖糖
图片数量: 96

链接: https://www.lss77.com/lss/2640318
标题: [XIUREN秀人网] 2025.04.11 NO.10143 小逗逗 [81P727MB]
封面: https://www.lss77.com/wp-content/uploads/2025/05/1748079906-41d0e299ca1abeb.jpg
发行机构: XIUREN秀人网
发行时间: 2025.04.11
序列号: NO.10143
模特: 小逗逗
图片数量: 81

链接: https://www.lss77.com/lss/2640317
标题: [XIUREN秀人网] 2025.04.11 NO.10142 鱼子酱Fish [81P696MB]
封面: https://www.lss77.com/wp-content/uploads/2025/05/1748079948-41d0e299ca1abeb.jpg
发行机构: XIUREN秀人网
发行时间: 2025.04.11
序列号: NO.10142
模特: 鱼子酱Fish
图片数量: 81

链接: https://www.lss77.com/lss/2640316
标题: [XIUREN秀人网] 2025.04.11 NO.10141 袁圆 [64P785MB]
封面: https://www.lss77.com/wp-content/uploads/2025/05/1748080128-41d0e299ca1abeb.jpg
发行机构: XIUREN秀人网
发行时间: 2025.04.11
序列号: NO.10141
模特: 袁圆
图片数量: 64

链接: https://www.lss77.com/lss/2640315
标题: [XIUREN秀人网] 2025.04.11 NO.10140 小肉肉咪 [76P746MB]
封面: https://www.lss77.com/wp-content/uploads/2025/05/1748080002-41d0e299ca1abeb.jpg
发行机构: XIUREN秀人网
发行时间: 2025.04.11
序列号: NO.10140
模特: 小肉肉咪
图片数量: 76

链接: https://www.lss77.com/lss/2640314
标题: [XIUREN秀人网] 2025.04.11 NO.10139 妲己_Toxic [76P721MB]
封面: https://www.lss77.com/wp-content/uploads/2025/05/1748079945-41d0e299ca1abeb.jpg
发行机构: XIUREN秀人网
发行时间: 2025.04.11
序列号: NO.10139
模特: 妲己_Toxic
图片数量: 76

链接: https://www.lss77.com/lss/2638031
标题: [XIUREN秀人网] 2025.04.11 NO.10138 麦田 [57P564MB]
封面: https://www.lss77.com/wp-content/uploads/2025/05/1747979545-41d0e299ca1abeb.jpg
发行机构: XIUREN秀人网
发行时间: 2025.04.11
序列号: NO.10138
模特: 麦田
图片数量: 57

链接: https://www.lss77.com/lss/2638030
标题: [XIUREN秀人网] 2025.04.11 NO.10137 小芭乐 [65P612MB]
封面: https://www.lss77.com/wp-content/uploads/2025/05/1747979675-41d0e299ca1abeb.jpg
发行机构: XIUREN秀人网
发行时间: 2025.04.11
序列号: NO.10137
模特: 小芭乐
图片数量: 65

链接: https://www.lss77.com/lss/2638029
标题: [XIUREN秀人网] 2025.04.10 NO.10136 陆萱萱 [81P734MB]
封面: https://www.lss77.com/wp-content/uploads/2025/05/1747979813-41d0e299ca1abeb.jpg
发行机构: XIUREN秀人网
发行时间: 2025.04.10
序列号: NO.10136
模特: 陆萱萱
图片数量: 81

链接: https://www.lss77.com/lss/2638028
标题: [XIUREN秀人网] 2025.04.10 NO.10135 刘婷婷 [78P698MB]
封面: https://www.lss77.com/wp-content/uploads/2025/05/1747979751-41d0e299ca1abeb.jpg
发行机构: XIUREN秀人网
发行时间: 2025.04.10
序列号: NO.10135
模特: 刘婷婷
图片数量: 78

链接: https://www.lss77.com/lss/2638027
标题: [XIUREN秀人网] 2025.04.10 NO.10134 汁汁 [72P742MB]
封面: https://www.lss77.com/wp-content/uploads/2025/05/1747979734-41d0e299ca1abeb.jpg
发行机构: XIUREN秀人网
发行时间: 2025.04.10
序列号: NO.10134
模特: 汁汁
图片数量: 72

链接: https://www.lss77.com/lss/2638026
标题: [XIUREN秀人网] 2025.04.10 NO.10133 林若凡F [82P768MB]
封面: https://www.lss77.com/wp-content/uploads/2025/05/1747979875-41d0e299ca1abeb.jpg
发行机构: XIUREN秀人网
发行时间: 2025.04.10
序列号: NO.10133
模特: 林若凡F
图片数量: 82

链接: https://www.lss77.com/lss/2638025
标题: [XIUREN秀人网] 2025.04.10 NO.10132 星星baby [56P525MB]
封面: https://www.lss77.com/wp-content/uploads/2025/05/1747979367-41d0e299ca1abeb.jpg
发行机构: XIUREN秀人网
发行时间: 2025.04.10
序列号: NO.10132
模特: 星星baby
图片数量: 56

链接: https://www.lss77.com/lss/2638024
标题: [XIUREN秀人网] 2025.04.10 NO.10131 Mila嘟嘟 [82P774MB]
封面: https://www.lss77.com/wp-content/uploads/2025/05/1747979740-41d0e299ca1abeb.jpg
发行机构: XIUREN秀人网
发行时间: 2025.04.10
序列号: NO.10131
模特: Mila嘟嘟
图片数量: 82

链接: https://www.lss77.com/lss/2634470
标题: [XIUREN秀人网] 2025.04.09 NO.10130 小蛮妖Yummy [69P672MB]
封面: https://www.lss77.com/wp-content/uploads/2025/05/1747726655-41d0e299ca1abeb.jpg
发行机构: XIUREN秀人网
发行时间: 2025.04.09
序列号: NO.10130
模特: 小蛮妖Yummy
图片数量: 69

链接: https://www.lss77.com/lss/2634469
标题: [XIUREN秀人网] 2025.04.09 NO.10129 杏子Yada [78P703MB]
封面: https://www.lss77.com/wp-content/uploads/2025/05/1747726704-41d0e299ca1abeb.jpg
发行机构: XIUREN秀人网
发行时间: 2025.04.09
序列号: NO.10129
模特: 杏子Yada
图片数量: 78

链接: https://www.lss77.com/lss/2634468
标题: [XIUREN秀人网] 2025.04.09 NO.10128 拍黄瓜girl [83P907MB]
封面: https://www.lss77.com/wp-content/uploads/2025/05/1747727177-41d0e299ca1abeb.jpg
发行机构: XIUREN秀人网
发行时间: 2025.04.09
序列号: NO.10128
模特: 拍黄瓜girl
图片数量: 83

链接: https://www.lss77.com/lss/2634467
标题: [XIUREN秀人网] 2025.04.09 NO.10127 Zoe柚柚 [71P685MB]
封面: https://www.lss77.com/wp-content/uploads/2025/05/1747726690-41d0e299ca1abeb.jpg
发行机构: XIUREN秀人网
发行时间: 2025.04.09
序列号: NO.10127
模特: Zoe柚柚
图片数量: 71

链接: https://www.lss77.com/lss/2634466
标题: [XIUREN秀人网] 2025.04.09 NO.10126 雪糕CiCi [69P851MB]
封面: https://www.lss77.com/wp-content/uploads/2025/05/1747727049-41d0e299ca1abeb.jpg
发行机构: XIUREN秀人网
发行时间: 2025.04.09
序列号: NO.10126
模特: 雪糕CiCi
图片数量: 69

链接: https://www.lss77.com/lss/2634465
标题: [XIUREN秀人网] 2025.04.08 NO.10125 蛋蛋宝 [71P693MB]
封面: https://www.lss77.com/wp-content/uploads/2025/05/1747726500-41d0e299ca1abeb.jpg
发行机构: XIUREN秀人网
发行时间: 2025.04.08
序列号: NO.10125
模特: 蛋蛋宝
图片数量: 71

